<?xml version="1.0" encoding="UTF-8"?>
<!-- Generated by org.testng.reporters.JUnitReportReporter -->
<testsuite hostname="kairosHW0454" failures="0" tests="2" name="Kairos.Hunters.POMclasses.Data1" time="0.012" errors="0" timestamp="2023-06-14T15:00:15 IST" skipped="0">
  <testcase classname="Kairos.Hunters.POMclasses.Data1" name="test1" time="0.002"/>
  <system-out/>
  <testcase classname="Kairos.Hunters.POMclasses.Data1" name="test1" time="0.010"/>
  <system-out/>
</testsuite> <!-- Kairos.Hunters.POMclasses.Data1 -->
