<?xml version="1.0" encoding="UTF-8"?>
<!-- Generated by org.testng.reporters.JUnitReportReporter -->
<testsuite hostname="kairosHW0454" failures="0" tests="1" name="Kairos.Hunters.TestCases.TestScenario2" time="25.802" errors="0" timestamp="2023-06-14T15:16:33 IST" skipped="0">
  <testcase classname="Kairos.Hunters.TestCases.TestScenario2" name="searchProduct" time="25.802"/>
  <system-out>
    <![CDATA[searchProduct => test script execution started
Result page is displayed 
Result message-1-16 of 45 results for "boAt Airdopes 141 Bluetooth Truly Wireless in Ear Headphones"
 SuccessfulsearchProduct]]>
  </system-out>
</testsuite> <!-- Kairos.Hunters.TestCases.TestScenario2 -->
