<?xml version="1.0" encoding="UTF-8"?>
<!-- Generated by org.testng.reporters.JUnitReportReporter -->
<testsuite hostname="kairosHW0454" failures="0" tests="1" name="Kairos.Hunters.TestCases.TestScenario4" time="16.556" errors="0" timestamp="2023-06-14T15:57:57 IST" skipped="0">
  <testcase classname="Kairos.Hunters.TestCases.TestScenario4" name="viewAndEditCart" time="16.556"/>
  <system-out>
    <![CDATA[viewAndEditCart => test script execution started
Product name validation successfull.
Product Price-   1,099.00
Original quantity- Subtotal (2 items):
Updated quantity- Subtotal (2 items):
Cart Total -   2,198.00
 SuccessfulviewAndEditCart]]>
  </system-out>
</testsuite> <!-- Kairos.Hunters.TestCases.TestScenario4 -->
