<?xml version="1.0" encoding="UTF-8"?>
<!-- Generated by org.testng.reporters.JUnitReportReporter -->
<testsuite hostname="kairosHW0454" failures="0" tests="1" name="Kairos.Hunters.TestCases.TestScenario1" time="20.417" errors="0" timestamp="2023-06-14T15:16:33 IST" skipped="0">
  <testcase classname="Kairos.Hunters.TestCases.TestScenario1" name="login" time="20.417"/>
  <system-out>
    <![CDATA[login => test script execution started
Title validation Successful
Login Validation Displayed message:- 
 Successfullogin]]>
  </system-out>
</testsuite> <!-- Kairos.Hunters.TestCases.TestScenario1 -->
